<?xml version="1.0" encoding="UTF-8"?>
<!-- Generated by org.testng.reporters.JUnitXMLReporter -->
<testsuite hostname="NB1499-PC0A8B16" ignored="0" name="Default test" tests="11" failures="0" timestamp="05 Mar 2018 06:32:04 GMT" time="280.338" errors="0">
  <testcase name="loginPageTitleTest" time="0.037" classname="com.crm.qa.testcases.LoginPageTest"/>
  <testcase name="verifyContactsPageDisplayedTest" time="0.051" classname="com.crm.qa.testcases.ContactsPageTest"/>
  <testcase name="VerifyHomePageTitleTest" time="0.018" classname="com.crm.qa.testcases.HomePageTest"/>
  <testcase name="validateCRMLogoTest" time="0.045" classname="com.crm.qa.testcases.LoginPageTest"/>
  <testcase name="clickContactsChkTest" time="0.1" classname="com.crm.qa.testcases.ContactsPageTest"/>
  <testcase name="VerifyUserNameIsDisplayed" time="0.131" classname="com.crm.qa.testcases.HomePageTest"/>
  <testcase name="LoginTest" time="8.65" classname="com.crm.qa.testcases.LoginPageTest"/>
  <testcase name="validateCreateNewContact" time="8.148" classname="com.crm.qa.testcases.ContactsPageTest"/>
  <testcase name="validateCreateNewContact" time="7.177" classname="com.crm.qa.testcases.ContactsPageTest"/>
  <testcase name="validateCreateNewContact" time="7.2" classname="com.crm.qa.testcases.ContactsPageTest"/>
  <testcase name="validateCreateNewContact" time="7.231" classname="com.crm.qa.testcases.ContactsPageTest"/>
</testsuite> <!-- Default test -->
