<?xml version="1.0" encoding="UTF-8"?>
<!-- Generated by org.testng.reporters.JUnitXMLReporter -->
<testsuite hostname="NB1499-PC0A8B16" ignored="0" name="Test" tests="11" failures="0" timestamp="04 Mar 2018 13:42:11 GMT" time="560.046" errors="0">
  <testcase name="loginPageTitleTest" time="0.043" classname="com.crm.qa.testcases.LoginPageTest"/>
  <testcase name="verifyContactsPageDisplayedTest" time="0.087" classname="com.crm.qa.testcases.ContactsPageTest"/>
  <testcase name="VerifyHomePageTitleTest" time="0.024" classname="com.crm.qa.testcases.HomePageTest"/>
  <testcase name="validateCRMLogoTest" time="0.099" classname="com.crm.qa.testcases.LoginPageTest"/>
  <testcase name="clickContactsChkTest" time="0.232" classname="com.crm.qa.testcases.ContactsPageTest"/>
  <testcase name="VerifyUserNameIsDisplayed" time="0.163" classname="com.crm.qa.testcases.HomePageTest"/>
  <testcase name="LoginTest" time="21.044" classname="com.crm.qa.testcases.LoginPageTest"/>
  <testcase name="validateCreateNewContact" time="9.584" classname="com.crm.qa.testcases.ContactsPageTest"/>
  <testcase name="validateCreateNewContact" time="8.092" classname="com.crm.qa.testcases.ContactsPageTest"/>
  <testcase name="validateCreateNewContact" time="9.483" classname="com.crm.qa.testcases.ContactsPageTest"/>
  <testcase name="validateCreateNewContact" time="10.778" classname="com.crm.qa.testcases.ContactsPageTest"/>
</testsuite> <!-- Test -->
